<?xml version="1.0" encoding="UTF-8"?>
<!-- Generated by org.testng.reporters.JUnitReportReporter -->
<testsuite hostname="Sakshi" failures="0" tests="7" name="com.test.TeamMembersPageTest" time="243.209" errors="0" timestamp="2024-04-10T01:02:02 IST" skipped="0">
  <testcase classname="com.test.TeamMembersPageTest" name="iClickOnAddTeamMemberButton" time="9.993"/>
  <system-out/>
  <testcase classname="com.test.TeamMembersPageTest" name="verifyTeamMemberIsAdded" time="39.803"/>
  <system-out/>
  <testcase classname="com.test.TeamMembersPageTest" name="validateDeleteTeamMember" time="53.342"/>
  <system-out/>
  <testcase classname="com.test.TeamMembersPageTest" name="validateTeamMemberPageHeader" time="12.507"/>
  <system-out/>
  <testcase classname="com.test.TeamMembersPageTest" name="validateTeamMemberAndVerify" time="37.036"/>
  <system-out/>
  <testcase classname="com.test.TeamMembersPageTest" name="validateCreateProfileHeader" time="10.196"/>
  <system-out/>
  <testcase classname="com.test.TeamMembersPageTest" name="verifyAddAndEditNewTeamMember" time="80.332"/>
  <system-out/>
</testsuite> <!-- com.test.TeamMembersPageTest -->
