<?xml version="1.0" encoding="UTF-8"?>
<!-- Generated by org.testng.reporters.JUnitReportReporter -->
<testsuite hostname="Sakshi" failures="0" tests="1" name="com.test.Mytest" time="0.008" errors="0" timestamp="2024-04-09T03:32:13 IST" skipped="0">
  <testcase classname="com.test.Mytest" name="mytest" time="0.008"/>
</testsuite> <!-- com.test.Mytest -->
