<?xml version="1.0" encoding="UTF-8"?>
<!-- Generated by org.testng.reporters.JUnitReportReporter -->
<testsuite hostname="Sakshi" failures="0" tests="3" name="com.test.SetupPageTest" time="40.462" errors="0" timestamp="2024-04-10T01:02:02 IST" skipped="0">
  <testcase classname="com.test.SetupPageTest" name="verifyAccountSetUpHeader" time="9.940"/>
  <system-out/>
  <testcase classname="com.test.SetupPageTest" name="validateManagementTeamMembersHeader" time="21.263"/>
  <system-out/>
  <testcase classname="com.test.SetupPageTest" name="iClickOnManageButtonforTeamManagement" time="9.259"/>
  <system-out/>
</testsuite> <!-- com.test.SetupPageTest -->
