<?xml version="1.0" encoding="UTF-8"?>
<!-- Generated by org.testng.reporters.JUnitReportReporter -->
<testsuite hostname="Sakshi" failures="0" tests="2" name="com.test.DashboardPageTest" time="20.988" errors="0" timestamp="2024-04-10T01:02:02 IST" skipped="0">
  <testcase classname="com.test.DashboardPageTest" name="verifyHomePageTile" time="6.556"/>
  <system-out/>
  <testcase classname="com.test.DashboardPageTest" name="iClickOnSetUpAndVerifyTile" time="14.432"/>
  <system-out/>
</testsuite> <!-- com.test.DashboardPageTest -->
